<?xml version="1.0" encoding="UTF-8"?>
<!-- Generated by org.testng.reporters.JUnitReportReporter -->
<testsuite hostname="Arafats-MacBook-Pro.local" name="com.priceline.runners.Demo001Test" tests="1" failures="0" timestamp="12 Aug 2016 19:51:42 GMT" time="1.256" errors="0">
  <testcase name="run_cukes" time="1.256" classname="com.priceline.runners.Demo001Test"/>
</testsuite> <!-- com.priceline.runners.Demo001Test -->
