<?xml version="1.0" encoding="UTF-8"?>
<!-- Generated by org.testng.reporters.JUnitReportReporter -->
<testsuite hostname="Arafats-MacBook-Pro.local" name="com.priceline.testRunners.DemoTest" tests="1" failures="0" timestamp="12 Aug 2016 15:16:55 GMT" time="0.052" errors="0">
  <testcase name="Demo0001Test" time="0.052" classname="com.priceline.testRunners.DemoTest"/>
</testsuite> <!-- com.priceline.testRunners.DemoTest -->
